2021-02-03 09:35:22,920 INFO  [log] Bearer eb224fbf633fa42d01b620ec74b80e1e306b1acf
2021-02-03 09:35:23,035 INFO  [log] HTTP status code: 200
2021-02-03 09:35:23,038 INFO  [log] true
2021-02-03 09:35:23,945 INFO  [log] total number of rows containing data are 2
2021-02-03 09:35:23,974 INFO  [log] current username is "upskills_admin"
2021-02-03 09:35:23,976 INFO  [log] current password is "Talent4$$"
2021-02-03 09:35:24,369 INFO  [log] HTTP status code: 200
2021-02-03 09:35:24,381 INFO  [log] true
2021-02-03 09:35:24,412 INFO  [log] upskills_admin
2021-02-03 09:35:24,742 INFO  [log] HTTP status code: 200
2021-02-03 09:35:24,743 INFO  [log] true
2021-02-03 09:35:24,775 INFO  [log] upskills_admin
2021-02-03 09:35:25,106 INFO  [log] HTTP status code: 200
2021-02-03 09:35:25,106 INFO  [log] true
2021-02-03 09:35:25,550 INFO  [log] total number of rows containing data are 2
2021-02-03 09:35:25,906 INFO  [log] HTTP status code: 403
2021-02-03 09:35:25,906 INFO  [log] false
2021-02-03 09:42:23,976 INFO  [log] Bearer 36b7877b869c65794b585144c3de61cf3141036d
2021-02-03 09:42:24,170 INFO  [log] HTTP status code: 200
2021-02-03 09:42:24,176 INFO  [log] true
2021-02-03 09:42:25,261 INFO  [log] total number of rows containing data are 2
2021-02-03 09:42:25,273 INFO  [log] current username is "upskills_admin"
2021-02-03 09:42:25,296 INFO  [log] current password is "Talent4$$"
2021-02-03 09:42:25,730 INFO  [log] HTTP status code: 200
2021-02-03 09:42:25,733 INFO  [log] true
2021-02-03 09:42:25,809 INFO  [log] upskills_admin
2021-02-03 09:42:26,201 INFO  [log] HTTP status code: 200
2021-02-03 09:42:26,202 INFO  [log] true
2021-02-03 09:42:26,269 INFO  [log] upskills_admin
2021-02-03 09:42:26,632 INFO  [log] HTTP status code: 200
2021-02-03 09:42:26,636 INFO  [log] true
2021-02-03 09:42:27,112 INFO  [log] total number of rows containing data are 2
2021-02-03 09:42:27,484 INFO  [log] HTTP status code: 403
2021-02-03 09:42:27,484 INFO  [log] false
2021-02-03 09:47:11,832 INFO  [log] Bearer 808bf89144c679d00ef0c5e27ec1fbf28dc015bd
2021-02-03 09:47:11,985 INFO  [log] HTTP status code: 200
2021-02-03 09:47:11,991 INFO  [log] true
2021-02-03 09:47:12,883 INFO  [log] total number of rows containing data are 2
2021-02-03 09:47:12,901 INFO  [log] current username is "upskills_admin"
2021-02-03 09:47:12,905 INFO  [log] current password is "Talent4$$"
2021-02-03 09:47:13,315 INFO  [log] HTTP status code: 200
2021-02-03 09:47:13,326 INFO  [log] true
2021-02-03 09:47:13,448 INFO  [log] upskills_admin
2021-02-03 09:47:13,835 INFO  [log] HTTP status code: 200
2021-02-03 09:47:13,838 INFO  [log] true
2021-02-03 09:47:13,892 INFO  [log] upskills_admin
2021-02-03 09:47:14,299 INFO  [log] HTTP status code: 200
2021-02-03 09:47:14,311 INFO  [log] true
2021-02-03 09:47:14,734 INFO  [log] total number of rows containing data are 2
2021-02-03 09:47:15,099 INFO  [log] HTTP status code: 403
2021-02-03 09:47:15,100 INFO  [log] false
2021-02-03 09:47:15,262 INFO  [log] []
2021-02-03 09:47:15,666 INFO  [log] total number of rows containing data are 2
2021-02-03 09:47:16,091 INFO  [log] HTTP status code: 403
2021-02-03 09:47:16,128 INFO  [log] false
2021-02-03 09:47:16,188 INFO  [log] []
2021-02-03 09:47:16,553 INFO  [log] HTTP status code: 403
2021-02-03 09:47:16,554 INFO  [log] false
2021-02-03 09:47:16,582 INFO  [log] []
2021-02-03 09:47:16,940 INFO  [log] HTTP status code: 403
2021-02-03 09:47:16,942 INFO  [log] false
2021-02-03 09:47:17,006 INFO  [log] []
2021-02-03 09:54:32,519 INFO  [log] Bearer 13e72d27bdc69bffd3152e9e50c30c3284a04d49
2021-02-03 09:54:32,721 INFO  [log] HTTP status code: 200
2021-02-03 09:54:32,723 INFO  [log] true
2021-02-03 09:54:33,589 INFO  [log] total number of rows containing data are 2
2021-02-03 09:54:33,606 INFO  [log] current username is "upskills_admin"
2021-02-03 09:54:33,607 INFO  [log] current password is "Talent4$$"
2021-02-03 09:54:34,009 INFO  [log] HTTP status code: 200
2021-02-03 09:54:34,018 INFO  [log] true
2021-02-03 09:54:34,085 INFO  [log] upskills_admin
2021-02-03 09:54:34,421 INFO  [log] HTTP status code: 200
2021-02-03 09:54:34,421 INFO  [log] true
2021-02-03 09:54:34,469 INFO  [log] upskills_admin
2021-02-03 09:54:34,889 INFO  [log] total number of rows containing data are 2
2021-02-03 09:54:35,289 INFO  [log] HTTP status code: 400
2021-02-03 09:54:35,300 INFO  [log] false
2021-02-03 09:54:35,452 INFO  [log] []
2021-02-03 09:54:35,821 INFO  [log] total number of rows containing data are 2
2021-02-03 09:54:36,192 INFO  [log] HTTP status code: 200
2021-02-03 09:54:36,208 INFO  [log] true
2021-02-03 09:54:36,377 INFO  [log] 3432
2021-02-03 09:54:37,446 INFO  [log] HTTP status code: 200
2021-02-03 09:54:37,455 INFO  [log] true
2021-02-03 09:54:37,506 INFO  [log] 738
2021-02-03 09:54:37,823 INFO  [log] HTTP status code: 200
2021-02-03 09:54:37,828 INFO  [log] true
2021-02-03 09:54:37,851 INFO  [log] INV-2013-00134
2021-02-03 09:54:38,252 INFO  [log] 4
2021-02-03 09:54:38,260 INFO  [log] 738
2021-02-03 09:54:38,263 INFO  [log] INV-2013-00134
2021-02-03 10:00:53,780 INFO  [log] Bearer b66b306c4f002124f0bba098a2468ed15f047372
2021-02-03 10:00:53,871 INFO  [log] HTTP status code: 200
2021-02-03 10:00:53,874 INFO  [log] true
2021-02-03 10:00:54,489 INFO  [log] total number of rows containing data are 2
2021-02-03 10:00:54,505 INFO  [log] current username is "upskills_admin"
2021-02-03 10:00:54,512 INFO  [log] current password is "Talent4$$"
2021-02-03 10:00:54,883 INFO  [log] HTTP status code: 200
2021-02-03 10:00:54,889 INFO  [log] true
2021-02-03 10:00:54,976 INFO  [log] upskills_admin
2021-02-03 10:00:55,338 INFO  [log] HTTP status code: 200
2021-02-03 10:00:55,340 INFO  [log] true
2021-02-03 10:00:55,376 INFO  [log] upskills_admin
2021-02-03 10:00:55,660 INFO  [log] total number of rows containing data are 2
2021-02-03 10:00:55,994 INFO  [log] HTTP status code: 400
2021-02-03 10:00:55,996 INFO  [log] false
2021-02-03 10:00:56,105 INFO  [log] []
2021-02-03 10:00:56,396 INFO  [log] total number of rows containing data are 2
2021-02-03 10:00:56,748 INFO  [log] HTTP status code: 200
2021-02-03 10:00:56,751 INFO  [log] true
2021-02-03 10:00:56,806 INFO  [log] 3433
2021-02-03 10:00:57,686 INFO  [log] HTTP status code: 200
2021-02-03 10:00:57,691 INFO  [log] true
2021-02-03 10:00:57,722 INFO  [log] 739
2021-02-03 10:00:59,047 INFO  [log] HTTP status code: 200
2021-02-03 10:00:59,048 INFO  [log] true
2021-02-03 10:00:59,068 INFO  [log] INV-2013-00135
2021-02-03 10:00:59,444 INFO  [log] 5
2021-02-03 10:00:59,447 INFO  [log] 739
2021-02-03 10:00:59,448 INFO  [log] INV-2013-00135
